<?xml version="1.0" encoding="UTF-8"?>
<!-- Generated by org.testng.reporters.JUnitReportReporter -->
<testsuite hostname="VictorVo" name="TestCases.ARTICLE.TC_JOOMLA_ARTICLE_005" tests="1" failures="0" timestamp="1 Jul 2015 10:21:45 GMT" time="20.485" errors="0">
  <testcase name="TC_005" time="20.485" classname="TestCases.ARTICLE.TC_JOOMLA_ARTICLE_005"/>
</testsuite> <!-- TestCases.ARTICLE.TC_JOOMLA_ARTICLE_005 -->
