<?xml version="1.0" encoding="UTF-8"?>
<!-- Generated by org.testng.reporters.JUnitReportReporter -->
<testsuite hostname="VictorVo" name="TestCases.ARTICLE.TC_JOOMLA_ARTICLE_003" tests="1" failures="0" timestamp="1 Jul 2015 09:26:10 GMT" time="30.192" errors="0">
  <testcase name="TC_003" time="30.192" classname="TestCases.ARTICLE.TC_JOOMLA_ARTICLE_003"/>
</testsuite> <!-- TestCases.ARTICLE.TC_JOOMLA_ARTICLE_003 -->
