<?xml version="1.0" encoding="UTF-8"?>
<!-- Generated by org.testng.reporters.JUnitReportReporter -->
<testsuite hostname="LGDN14039-W732" name="TestCases.ARTICLE.TC_JOOMLA_ARTICLE_017" tests="1" failures="0" timestamp="6 Jul 2015 12:58:54 GMT" time="43.980" errors="0">
  <testcase name="TC_ARTICLE_017" time="43.980" classname="TestCases.ARTICLE.TC_JOOMLA_ARTICLE_017"/>
</testsuite> <!-- TestCases.ARTICLE.TC_JOOMLA_ARTICLE_017 -->
