<?xml version="1.0" encoding="UTF-8"?>
<!-- Generated by org.testng.reporters.JUnitReportReporter -->
<testsuite hostname="VictorVo" name="TestCases.ARTICLE.TanVo_Test" tests="1" failures="0" timestamp="1 Jul 2015 07:58:48 GMT" time="19.319" errors="0">
  <testcase name="TC_001" time="19.319" classname="TestCases.ARTICLE.TanVo_Test"/>
</testsuite> <!-- TestCases.ARTICLE.TanVo_Test -->
