<?xml version="1.0" encoding="UTF-8"?>
<!-- Generated by org.testng.reporters.JUnitReportReporter -->
<testsuite hostname="VictorVo" name="TestCases.ARTICLE.TC_JOOMLA_ARTICLE_002" tests="1" failures="0" timestamp="1 Jul 2015 09:02:05 GMT" time="22.813" errors="0">
  <testcase name="TC_002" time="22.813" classname="TestCases.ARTICLE.TC_JOOMLA_ARTICLE_002"/>
</testsuite> <!-- TestCases.ARTICLE.TC_JOOMLA_ARTICLE_002 -->
